Determining if the pthread_create exist failed with the following output:
Change Dir: /home/wangzitu/ur3e/build/CMakeFiles/CMakeTmp

Run Build Command:"/usr/bin/make" "cmTC_adf79/fast"
/usr/bin/make -f CMakeFiles/cmTC_adf79.dir/build.make CMakeFiles/cmTC_adf79.dir/build
make[1]: 进入目录“/home/wangzitu/ur3e/build/CMakeFiles/CMakeTmp”
Building C object CMakeFiles/cmTC_adf79.dir/CheckSymbolExists.c.o
/usr/bin/cc    -o CMakeFiles/cmTC_adf79.dir/CheckSymbolExists.c.o   -c /home/wangzitu/ur3e/build/CMakeFiles/CMakeTmp/CheckSymbolExists.c
Linking C executable cmTC_adf79
/usr/bin/cmake -E cmake_link_script CMakeFiles/cmTC_adf79.dir/link.txt --verbose=1
/usr/bin/cc      -rdynamic CMakeFiles/cmTC_adf79.dir/CheckSymbolExists.c.o  -o cmTC_adf79 
CMakeFiles/cmTC_adf79.dir/CheckSymbolExists.c.o：在函数‘main’中：
CheckSymbolExists.c:(.text+0x1b)：对‘pthread_create’未定义的引用
collect2: error: ld returned 1 exit status
CMakeFiles/cmTC_adf79.dir/build.make:97: recipe for target 'cmTC_adf79' failed
make[1]: *** [cmTC_adf79] Error 1
make[1]: 离开目录“/home/wangzitu/ur3e/build/CMakeFiles/CMakeTmp”
Makefile:126: recipe for target 'cmTC_adf79/fast' failed
make: *** [cmTC_adf79/fast] Error 2

File /home/wangzitu/ur3e/build/CMakeFiles/CMakeTmp/CheckSymbolExists.c:
/* */
#include <pthread.h>

int main(int argc, char** argv)
{
  (void)argv;
#ifndef pthread_create
  return ((int*)(&pthread_create))[argc];
#else
  (void)argc;
  return 0;
#endif
}

Determining if the function pthread_create exists in the pthreads failed with the following output:
Change Dir: /home/wangzitu/ur3e/build/CMakeFiles/CMakeTmp

Run Build Command:"/usr/bin/make" "cmTC_d2f01/fast"
/usr/bin/make -f CMakeFiles/cmTC_d2f01.dir/build.make CMakeFiles/cmTC_d2f01.dir/build
make[1]: 进入目录“/home/wangzitu/ur3e/build/CMakeFiles/CMakeTmp”
Building C object CMakeFiles/cmTC_d2f01.dir/CheckFunctionExists.c.o
/usr/bin/cc   -DCHECK_FUNCTION_EXISTS=pthread_create   -o CMakeFiles/cmTC_d2f01.dir/CheckFunctionExists.c.o   -c /usr/share/cmake-3.10/Modules/CheckFunctionExists.c
Linking C executable cmTC_d2f01
/usr/bin/cmake -E cmake_link_script CMakeFiles/cmTC_d2f01.dir/link.txt --verbose=1
/usr/bin/cc  -DCHECK_FUNCTION_EXISTS=pthread_create    -rdynamic CMakeFiles/cmTC_d2f01.dir/CheckFunctionExists.c.o  -o cmTC_d2f01 -lpthreads 
/usr/bin/ld: 找不到 -lpthreads
collect2: error: ld returned 1 exit status
CMakeFiles/cmTC_d2f01.dir/build.make:97: recipe for target 'cmTC_d2f01' failed
make[1]: *** [cmTC_d2f01] Error 1
make[1]: 离开目录“/home/wangzitu/ur3e/build/CMakeFiles/CMakeTmp”
Makefile:126: recipe for target 'cmTC_d2f01/fast' failed
make: *** [cmTC_d2f01/fast] Error 2


